<?xml version="1.0" encoding="UTF-8"?>
<testsuite xmlns:xsi="http://www.w3.org/2001/XMLSchema-instance" xsi:noNamespaceSchemaLocation="https://maven.apache.org/surefire/maven-surefire-plugin/xsd/surefire-test-report.xsd" name="com.harshita.ecom.AppTest" time="0.029" tests="1" errors="0" skipped="0" failures="0">
  <properties>
    <property name="sun.desktop" value="gnome"/>
    <property name="awt.toolkit" value="sun.awt.X11.XToolkit"/>
    <property name="java.specification.version" value="12"/>
    <property name="sun.jnu.encoding" value="UTF-8"/>
    <property name="java.class.path" value="/home/harshita/IdeaProjects/ecom-springboot/target/test-classes:/home/harshita/IdeaProjects/ecom-springboot/target/classes:/home/harshita/Documents/apache-maven-3.6.1/repo/org/springframework/boot/spring-boot-starter-web/2.1.5.RELEASE/spring-boot-starter-web-2.1.5.RELEASE.jar:/home/harshita/Documents/apache-maven-3.6.1/repo/org/springframework/boot/spring-boot-starter/2.1.5.RELEASE/spring-boot-starter-2.1.5.RELEASE.jar:/home/harshita/Documents/apache-maven-3.6.1/repo/org/springframework/boot/spring-boot/2.1.5.RELEASE/spring-boot-2.1.5.RELEASE.jar:/home/harshita/Documents/apache-maven-3.6.1/repo/org/springframework/boot/spring-boot-autoconfigure/2.1.5.RELEASE/spring-boot-autoconfigure-2.1.5.RELEASE.jar:/home/harshita/Documents/apache-maven-3.6.1/repo/org/springframework/boot/spring-boot-starter-logging/2.1.5.RELEASE/spring-boot-starter-logging-2.1.5.RELEASE.jar:/home/harshita/Documents/apache-maven-3.6.1/repo/ch/qos/logback/logback-classic/1.2.3/logback-classic-1.2.3.jar:/home/harshita/Documents/apache-maven-3.6.1/repo/ch/qos/logback/logback-core/1.2.3/logback-core-1.2.3.jar:/home/harshita/Documents/apache-maven-3.6.1/repo/org/apache/logging/log4j/log4j-to-slf4j/2.11.2/log4j-to-slf4j-2.11.2.jar:/home/harshita/Documents/apache-maven-3.6.1/repo/org/apache/logging/log4j/log4j-api/2.11.2/log4j-api-2.11.2.jar:/home/harshita/Documents/apache-maven-3.6.1/repo/org/slf4j/jul-to-slf4j/1.7.26/jul-to-slf4j-1.7.26.jar:/home/harshita/Documents/apache-maven-3.6.1/repo/javax/annotation/javax.annotation-api/1.3.2/javax.annotation-api-1.3.2.jar:/home/harshita/Documents/apache-maven-3.6.1/repo/org/yaml/snakeyaml/1.23/snakeyaml-1.23.jar:/home/harshita/Documents/apache-maven-3.6.1/repo/org/springframework/boot/spring-boot-starter-json/2.1.5.RELEASE/spring-boot-starter-json-2.1.5.RELEASE.jar:/home/harshita/Documents/apache-maven-3.6.1/repo/com/fasterxml/jackson/core/jackson-databind/2.9.8/jackson-databind-2.9.8.jar:/home/harshita/Documents/apache-maven-3.6.1/repo/com/fasterxml/jackson/core/jackson-annotations/2.9.0/jackson-annotations-2.9.0.jar:/home/harshita/Documents/apache-maven-3.6.1/repo/com/fasterxml/jackson/core/jackson-core/2.9.8/jackson-core-2.9.8.jar:/home/harshita/Documents/apache-maven-3.6.1/repo/com/fasterxml/jackson/datatype/jackson-datatype-jdk8/2.9.8/jackson-datatype-jdk8-2.9.8.jar:/home/harshita/Documents/apache-maven-3.6.1/repo/com/fasterxml/jackson/datatype/jackson-datatype-jsr310/2.9.8/jackson-datatype-jsr310-2.9.8.jar:/home/harshita/Documents/apache-maven-3.6.1/repo/com/fasterxml/jackson/module/jackson-module-parameter-names/2.9.8/jackson-module-parameter-names-2.9.8.jar:/home/harshita/Documents/apache-maven-3.6.1/repo/org/springframework/boot/spring-boot-starter-tomcat/2.1.5.RELEASE/spring-boot-starter-tomcat-2.1.5.RELEASE.jar:/home/harshita/Documents/apache-maven-3.6.1/repo/org/apache/tomcat/embed/tomcat-embed-core/9.0.19/tomcat-embed-core-9.0.19.jar:/home/harshita/Documents/apache-maven-3.6.1/repo/org/apache/tomcat/embed/tomcat-embed-el/9.0.19/tomcat-embed-el-9.0.19.jar:/home/harshita/Documents/apache-maven-3.6.1/repo/org/apache/tomcat/embed/tomcat-embed-websocket/9.0.19/tomcat-embed-websocket-9.0.19.jar:/home/harshita/Documents/apache-maven-3.6.1/repo/org/hibernate/validator/hibernate-validator/6.0.16.Final/hibernate-validator-6.0.16.Final.jar:/home/harshita/Documents/apache-maven-3.6.1/repo/javax/validation/validation-api/2.0.1.Final/validation-api-2.0.1.Final.jar:/home/harshita/Documents/apache-maven-3.6.1/repo/org/jboss/logging/jboss-logging/3.3.2.Final/jboss-logging-3.3.2.Final.jar:/home/harshita/Documents/apache-maven-3.6.1/repo/com/fasterxml/classmate/1.4.0/classmate-1.4.0.jar:/home/harshita/Documents/apache-maven-3.6.1/repo/org/springframework/spring-web/5.1.7.RELEASE/spring-web-5.1.7.RELEASE.jar:/home/harshita/Documents/apache-maven-3.6.1/repo/org/springframework/spring-beans/5.1.7.RELEASE/spring-beans-5.1.7.RELEASE.jar:/home/harshita/Documents/apache-maven-3.6.1/repo/org/springframework/spring-webmvc/5.1.7.RELEASE/spring-webmvc-5.1.7.RELEASE.jar:/home/harshita/Documents/apache-maven-3.6.1/repo/org/springframework/spring-aop/5.1.7.RELEASE/spring-aop-5.1.7.RELEASE.jar:/home/harshita/Documents/apache-maven-3.6.1/repo/org/springframework/spring-context/5.1.7.RELEASE/spring-context-5.1.7.RELEASE.jar:/home/harshita/Documents/apache-maven-3.6.1/repo/org/springframework/spring-expression/5.1.7.RELEASE/spring-expression-5.1.7.RELEASE.jar:/home/harshita/Documents/apache-maven-3.6.1/repo/org/postgresql/postgresql/42.2.5/postgresql-42.2.5.jar:/home/harshita/Documents/apache-maven-3.6.1/repo/org/springframework/boot/spring-boot-starter-data-jpa/2.1.5.RELEASE/spring-boot-starter-data-jpa-2.1.5.RELEASE.jar:/home/harshita/Documents/apache-maven-3.6.1/repo/org/springframework/boot/spring-boot-starter-aop/2.1.5.RELEASE/spring-boot-starter-aop-2.1.5.RELEASE.jar:/home/harshita/Documents/apache-maven-3.6.1/repo/org/aspectj/aspectjweaver/1.9.4/aspectjweaver-1.9.4.jar:/home/harshita/Documents/apache-maven-3.6.1/repo/org/springframework/boot/spring-boot-starter-jdbc/2.1.5.RELEASE/spring-boot-starter-jdbc-2.1.5.RELEASE.jar:/home/harshita/Documents/apache-maven-3.6.1/repo/com/zaxxer/HikariCP/3.2.0/HikariCP-3.2.0.jar:/home/harshita/Documents/apache-maven-3.6.1/repo/org/springframework/spring-jdbc/5.1.7.RELEASE/spring-jdbc-5.1.7.RELEASE.jar:/home/harshita/Documents/apache-maven-3.6.1/repo/javax/transaction/javax.transaction-api/1.3/javax.transaction-api-1.3.jar:/home/harshita/Documents/apache-maven-3.6.1/repo/javax/xml/bind/jaxb-api/2.3.1/jaxb-api-2.3.1.jar:/home/harshita/Documents/apache-maven-3.6.1/repo/javax/activation/javax.activation-api/1.2.0/javax.activation-api-1.2.0.jar:/home/harshita/Documents/apache-maven-3.6.1/repo/org/hibernate/hibernate-core/5.3.10.Final/hibernate-core-5.3.10.Final.jar:/home/harshita/Documents/apache-maven-3.6.1/repo/javax/persistence/javax.persistence-api/2.2/javax.persistence-api-2.2.jar:/home/harshita/Documents/apache-maven-3.6.1/repo/org/javassist/javassist/3.23.2-GA/javassist-3.23.2-GA.jar:/home/harshita/Documents/apache-maven-3.6.1/repo/net/bytebuddy/byte-buddy/1.9.12/byte-buddy-1.9.12.jar:/home/harshita/Documents/apache-maven-3.6.1/repo/antlr/antlr/2.7.7/antlr-2.7.7.jar:/home/harshita/Documents/apache-maven-3.6.1/repo/org/jboss/jandex/2.0.5.Final/jandex-2.0.5.Final.jar:/home/harshita/Documents/apache-maven-3.6.1/repo/org/dom4j/dom4j/2.1.1/dom4j-2.1.1.jar:/home/harshita/Documents/apache-maven-3.6.1/repo/org/hibernate/common/hibernate-commons-annotations/5.0.4.Final/hibernate-commons-annotations-5.0.4.Final.jar:/home/harshita/Documents/apache-maven-3.6.1/repo/org/springframework/data/spring-data-jpa/2.1.8.RELEASE/spring-data-jpa-2.1.8.RELEASE.jar:/home/harshita/Documents/apache-maven-3.6.1/repo/org/springframework/data/spring-data-commons/2.1.8.RELEASE/spring-data-commons-2.1.8.RELEASE.jar:/home/harshita/Documents/apache-maven-3.6.1/repo/org/springframework/spring-orm/5.1.7.RELEASE/spring-orm-5.1.7.RELEASE.jar:/home/harshita/Documents/apache-maven-3.6.1/repo/org/springframework/spring-tx/5.1.7.RELEASE/spring-tx-5.1.7.RELEASE.jar:/home/harshita/Documents/apache-maven-3.6.1/repo/org/slf4j/slf4j-api/1.7.26/slf4j-api-1.7.26.jar:/home/harshita/Documents/apache-maven-3.6.1/repo/org/springframework/spring-aspects/5.1.7.RELEASE/spring-aspects-5.1.7.RELEASE.jar:/home/harshita/Documents/apache-maven-3.6.1/repo/org/springframework/boot/spring-boot-starter-actuator/2.1.5.RELEASE/spring-boot-starter-actuator-2.1.5.RELEASE.jar:/home/harshita/Documents/apache-maven-3.6.1/repo/org/springframework/boot/spring-boot-actuator-autoconfigure/2.1.5.RELEASE/spring-boot-actuator-autoconfigure-2.1.5.RELEASE.jar:/home/harshita/Documents/apache-maven-3.6.1/repo/org/springframework/boot/spring-boot-actuator/2.1.5.RELEASE/spring-boot-actuator-2.1.5.RELEASE.jar:/home/harshita/Documents/apache-maven-3.6.1/repo/io/micrometer/micrometer-core/1.1.4/micrometer-core-1.1.4.jar:/home/harshita/Documents/apache-maven-3.6.1/repo/org/hdrhistogram/HdrHistogram/2.1.9/HdrHistogram-2.1.9.jar:/home/harshita/Documents/apache-maven-3.6.1/repo/org/latencyutils/LatencyUtils/2.0.3/LatencyUtils-2.0.3.jar:/home/harshita/Documents/apache-maven-3.6.1/repo/org/springframework/boot/spring-boot-starter-test/2.1.5.RELEASE/spring-boot-starter-test-2.1.5.RELEASE.jar:/home/harshita/Documents/apache-maven-3.6.1/repo/org/springframework/boot/spring-boot-test/2.1.5.RELEASE/spring-boot-test-2.1.5.RELEASE.jar:/home/harshita/Documents/apache-maven-3.6.1/repo/org/springframework/boot/spring-boot-test-autoconfigure/2.1.5.RELEASE/spring-boot-test-autoconfigure-2.1.5.RELEASE.jar:/home/harshita/Documents/apache-maven-3.6.1/repo/com/jayway/jsonpath/json-path/2.4.0/json-path-2.4.0.jar:/home/harshita/Documents/apache-maven-3.6.1/repo/net/minidev/json-smart/2.3/json-smart-2.3.jar:/home/harshita/Documents/apache-maven-3.6.1/repo/net/minidev/accessors-smart/1.2/accessors-smart-1.2.jar:/home/harshita/Documents/apache-maven-3.6.1/repo/org/ow2/asm/asm/5.0.4/asm-5.0.4.jar:/home/harshita/Documents/apache-maven-3.6.1/repo/junit/junit/4.12/junit-4.12.jar:/home/harshita/Documents/apache-maven-3.6.1/repo/org/assertj/assertj-core/3.11.1/assertj-core-3.11.1.jar:/home/harshita/Documents/apache-maven-3.6.1/repo/org/mockito/mockito-core/2.23.4/mockito-core-2.23.4.jar:/home/harshita/Documents/apache-maven-3.6.1/repo/net/bytebuddy/byte-buddy-agent/1.9.12/byte-buddy-agent-1.9.12.jar:/home/harshita/Documents/apache-maven-3.6.1/repo/org/objenesis/objenesis/2.6/objenesis-2.6.jar:/home/harshita/Documents/apache-maven-3.6.1/repo/org/hamcrest/hamcrest-core/1.3/hamcrest-core-1.3.jar:/home/harshita/Documents/apache-maven-3.6.1/repo/org/hamcrest/hamcrest-library/1.3/hamcrest-library-1.3.jar:/home/harshita/Documents/apache-maven-3.6.1/repo/org/skyscreamer/jsonassert/1.5.0/jsonassert-1.5.0.jar:/home/harshita/Documents/apache-maven-3.6.1/repo/com/vaadin/external/google/android-json/0.0.20131108.vaadin1/android-json-0.0.20131108.vaadin1.jar:/home/harshita/Documents/apache-maven-3.6.1/repo/org/springframework/spring-core/5.1.7.RELEASE/spring-core-5.1.7.RELEASE.jar:/home/harshita/Documents/apache-maven-3.6.1/repo/org/springframework/spring-jcl/5.1.7.RELEASE/spring-jcl-5.1.7.RELEASE.jar:/home/harshita/Documents/apache-maven-3.6.1/repo/org/springframework/spring-test/5.1.7.RELEASE/spring-test-5.1.7.RELEASE.jar:/home/harshita/Documents/apache-maven-3.6.1/repo/org/xmlunit/xmlunit-core/2.6.2/xmlunit-core-2.6.2.jar:/home/harshita/Documents/apache-maven-3.6.1/repo/org/springframework/boot/spring-boot-starter-amqp/2.1.5.RELEASE/spring-boot-starter-amqp-2.1.5.RELEASE.jar:/home/harshita/Documents/apache-maven-3.6.1/repo/org/springframework/spring-messaging/5.1.7.RELEASE/spring-messaging-5.1.7.RELEASE.jar:/home/harshita/Documents/apache-maven-3.6.1/repo/org/springframework/amqp/spring-rabbit/2.1.6.RELEASE/spring-rabbit-2.1.6.RELEASE.jar:/home/harshita/Documents/apache-maven-3.6.1/repo/org/springframework/amqp/spring-amqp/2.1.6.RELEASE/spring-amqp-2.1.6.RELEASE.jar:/home/harshita/Documents/apache-maven-3.6.1/repo/org/springframework/retry/spring-retry/1.2.4.RELEASE/spring-retry-1.2.4.RELEASE.jar:/home/harshita/Documents/apache-maven-3.6.1/repo/com/rabbitmq/amqp-client/5.4.3/amqp-client-5.4.3.jar:/home/harshita/Documents/apache-maven-3.6.1/repo/org/projectlombok/lombok/1.18.8/lombok-1.18.8.jar:"/>
    <property name="java.vm.vendor" value="Oracle Corporation"/>
    <property name="sun.arch.data.model" value="64"/>
    <property name="java.vendor.url" value="https://java.oracle.com/"/>
    <property name="os.name" value="Linux"/>
    <property name="java.vm.specification.version" value="12"/>
    <property name="sun.java.launcher" value="SUN_STANDARD"/>
    <property name="user.country" value="US"/>
    <property name="sun.boot.library.path" value="/usr/lib/jvm/java-12-oracle/lib"/>
    <property name="sun.java.command" value="/home/harshita/IdeaProjects/ecom-springboot/target/surefire/surefirebooter5667749407993384464.jar /home/harshita/IdeaProjects/ecom-springboot/target/surefire 2019-07-24T21-45-55_011-jvmRun1 surefire17082267643415233693tmp surefire_010858949271410035902tmp"/>
    <property name="jdk.debug" value="release"/>
    <property name="surefire.test.class.path" value="/home/harshita/IdeaProjects/ecom-springboot/target/test-classes:/home/harshita/IdeaProjects/ecom-springboot/target/classes:/home/harshita/Documents/apache-maven-3.6.1/repo/org/springframework/boot/spring-boot-starter-web/2.1.5.RELEASE/spring-boot-starter-web-2.1.5.RELEASE.jar:/home/harshita/Documents/apache-maven-3.6.1/repo/org/springframework/boot/spring-boot-starter/2.1.5.RELEASE/spring-boot-starter-2.1.5.RELEASE.jar:/home/harshita/Documents/apache-maven-3.6.1/repo/org/springframework/boot/spring-boot/2.1.5.RELEASE/spring-boot-2.1.5.RELEASE.jar:/home/harshita/Documents/apache-maven-3.6.1/repo/org/springframework/boot/spring-boot-autoconfigure/2.1.5.RELEASE/spring-boot-autoconfigure-2.1.5.RELEASE.jar:/home/harshita/Documents/apache-maven-3.6.1/repo/org/springframework/boot/spring-boot-starter-logging/2.1.5.RELEASE/spring-boot-starter-logging-2.1.5.RELEASE.jar:/home/harshita/Documents/apache-maven-3.6.1/repo/ch/qos/logback/logback-classic/1.2.3/logback-classic-1.2.3.jar:/home/harshita/Documents/apache-maven-3.6.1/repo/ch/qos/logback/logback-core/1.2.3/logback-core-1.2.3.jar:/home/harshita/Documents/apache-maven-3.6.1/repo/org/apache/logging/log4j/log4j-to-slf4j/2.11.2/log4j-to-slf4j-2.11.2.jar:/home/harshita/Documents/apache-maven-3.6.1/repo/org/apache/logging/log4j/log4j-api/2.11.2/log4j-api-2.11.2.jar:/home/harshita/Documents/apache-maven-3.6.1/repo/org/slf4j/jul-to-slf4j/1.7.26/jul-to-slf4j-1.7.26.jar:/home/harshita/Documents/apache-maven-3.6.1/repo/javax/annotation/javax.annotation-api/1.3.2/javax.annotation-api-1.3.2.jar:/home/harshita/Documents/apache-maven-3.6.1/repo/org/yaml/snakeyaml/1.23/snakeyaml-1.23.jar:/home/harshita/Documents/apache-maven-3.6.1/repo/org/springframework/boot/spring-boot-starter-json/2.1.5.RELEASE/spring-boot-starter-json-2.1.5.RELEASE.jar:/home/harshita/Documents/apache-maven-3.6.1/repo/com/fasterxml/jackson/core/jackson-databind/2.9.8/jackson-databind-2.9.8.jar:/home/harshita/Documents/apache-maven-3.6.1/repo/com/fasterxml/jackson/core/jackson-annotations/2.9.0/jackson-annotations-2.9.0.jar:/home/harshita/Documents/apache-maven-3.6.1/repo/com/fasterxml/jackson/core/jackson-core/2.9.8/jackson-core-2.9.8.jar:/home/harshita/Documents/apache-maven-3.6.1/repo/com/fasterxml/jackson/datatype/jackson-datatype-jdk8/2.9.8/jackson-datatype-jdk8-2.9.8.jar:/home/harshita/Documents/apache-maven-3.6.1/repo/com/fasterxml/jackson/datatype/jackson-datatype-jsr310/2.9.8/jackson-datatype-jsr310-2.9.8.jar:/home/harshita/Documents/apache-maven-3.6.1/repo/com/fasterxml/jackson/module/jackson-module-parameter-names/2.9.8/jackson-module-parameter-names-2.9.8.jar:/home/harshita/Documents/apache-maven-3.6.1/repo/org/springframework/boot/spring-boot-starter-tomcat/2.1.5.RELEASE/spring-boot-starter-tomcat-2.1.5.RELEASE.jar:/home/harshita/Documents/apache-maven-3.6.1/repo/org/apache/tomcat/embed/tomcat-embed-core/9.0.19/tomcat-embed-core-9.0.19.jar:/home/harshita/Documents/apache-maven-3.6.1/repo/org/apache/tomcat/embed/tomcat-embed-el/9.0.19/tomcat-embed-el-9.0.19.jar:/home/harshita/Documents/apache-maven-3.6.1/repo/org/apache/tomcat/embed/tomcat-embed-websocket/9.0.19/tomcat-embed-websocket-9.0.19.jar:/home/harshita/Documents/apache-maven-3.6.1/repo/org/hibernate/validator/hibernate-validator/6.0.16.Final/hibernate-validator-6.0.16.Final.jar:/home/harshita/Documents/apache-maven-3.6.1/repo/javax/validation/validation-api/2.0.1.Final/validation-api-2.0.1.Final.jar:/home/harshita/Documents/apache-maven-3.6.1/repo/org/jboss/logging/jboss-logging/3.3.2.Final/jboss-logging-3.3.2.Final.jar:/home/harshita/Documents/apache-maven-3.6.1/repo/com/fasterxml/classmate/1.4.0/classmate-1.4.0.jar:/home/harshita/Documents/apache-maven-3.6.1/repo/org/springframework/spring-web/5.1.7.RELEASE/spring-web-5.1.7.RELEASE.jar:/home/harshita/Documents/apache-maven-3.6.1/repo/org/springframework/spring-beans/5.1.7.RELEASE/spring-beans-5.1.7.RELEASE.jar:/home/harshita/Documents/apache-maven-3.6.1/repo/org/springframework/spring-webmvc/5.1.7.RELEASE/spring-webmvc-5.1.7.RELEASE.jar:/home/harshita/Documents/apache-maven-3.6.1/repo/org/springframework/spring-aop/5.1.7.RELEASE/spring-aop-5.1.7.RELEASE.jar:/home/harshita/Documents/apache-maven-3.6.1/repo/org/springframework/spring-context/5.1.7.RELEASE/spring-context-5.1.7.RELEASE.jar:/home/harshita/Documents/apache-maven-3.6.1/repo/org/springframework/spring-expression/5.1.7.RELEASE/spring-expression-5.1.7.RELEASE.jar:/home/harshita/Documents/apache-maven-3.6.1/repo/org/postgresql/postgresql/42.2.5/postgresql-42.2.5.jar:/home/harshita/Documents/apache-maven-3.6.1/repo/org/springframework/boot/spring-boot-starter-data-jpa/2.1.5.RELEASE/spring-boot-starter-data-jpa-2.1.5.RELEASE.jar:/home/harshita/Documents/apache-maven-3.6.1/repo/org/springframework/boot/spring-boot-starter-aop/2.1.5.RELEASE/spring-boot-starter-aop-2.1.5.RELEASE.jar:/home/harshita/Documents/apache-maven-3.6.1/repo/org/aspectj/aspectjweaver/1.9.4/aspectjweaver-1.9.4.jar:/home/harshita/Documents/apache-maven-3.6.1/repo/org/springframework/boot/spring-boot-starter-jdbc/2.1.5.RELEASE/spring-boot-starter-jdbc-2.1.5.RELEASE.jar:/home/harshita/Documents/apache-maven-3.6.1/repo/com/zaxxer/HikariCP/3.2.0/HikariCP-3.2.0.jar:/home/harshita/Documents/apache-maven-3.6.1/repo/org/springframework/spring-jdbc/5.1.7.RELEASE/spring-jdbc-5.1.7.RELEASE.jar:/home/harshita/Documents/apache-maven-3.6.1/repo/javax/transaction/javax.transaction-api/1.3/javax.transaction-api-1.3.jar:/home/harshita/Documents/apache-maven-3.6.1/repo/javax/xml/bind/jaxb-api/2.3.1/jaxb-api-2.3.1.jar:/home/harshita/Documents/apache-maven-3.6.1/repo/javax/activation/javax.activation-api/1.2.0/javax.activation-api-1.2.0.jar:/home/harshita/Documents/apache-maven-3.6.1/repo/org/hibernate/hibernate-core/5.3.10.Final/hibernate-core-5.3.10.Final.jar:/home/harshita/Documents/apache-maven-3.6.1/repo/javax/persistence/javax.persistence-api/2.2/javax.persistence-api-2.2.jar:/home/harshita/Documents/apache-maven-3.6.1/repo/org/javassist/javassist/3.23.2-GA/javassist-3.23.2-GA.jar:/home/harshita/Documents/apache-maven-3.6.1/repo/net/bytebuddy/byte-buddy/1.9.12/byte-buddy-1.9.12.jar:/home/harshita/Documents/apache-maven-3.6.1/repo/antlr/antlr/2.7.7/antlr-2.7.7.jar:/home/harshita/Documents/apache-maven-3.6.1/repo/org/jboss/jandex/2.0.5.Final/jandex-2.0.5.Final.jar:/home/harshita/Documents/apache-maven-3.6.1/repo/org/dom4j/dom4j/2.1.1/dom4j-2.1.1.jar:/home/harshita/Documents/apache-maven-3.6.1/repo/org/hibernate/common/hibernate-commons-annotations/5.0.4.Final/hibernate-commons-annotations-5.0.4.Final.jar:/home/harshita/Documents/apache-maven-3.6.1/repo/org/springframework/data/spring-data-jpa/2.1.8.RELEASE/spring-data-jpa-2.1.8.RELEASE.jar:/home/harshita/Documents/apache-maven-3.6.1/repo/org/springframework/data/spring-data-commons/2.1.8.RELEASE/spring-data-commons-2.1.8.RELEASE.jar:/home/harshita/Documents/apache-maven-3.6.1/repo/org/springframework/spring-orm/5.1.7.RELEASE/spring-orm-5.1.7.RELEASE.jar:/home/harshita/Documents/apache-maven-3.6.1/repo/org/springframework/spring-tx/5.1.7.RELEASE/spring-tx-5.1.7.RELEASE.jar:/home/harshita/Documents/apache-maven-3.6.1/repo/org/slf4j/slf4j-api/1.7.26/slf4j-api-1.7.26.jar:/home/harshita/Documents/apache-maven-3.6.1/repo/org/springframework/spring-aspects/5.1.7.RELEASE/spring-aspects-5.1.7.RELEASE.jar:/home/harshita/Documents/apache-maven-3.6.1/repo/org/springframework/boot/spring-boot-starter-actuator/2.1.5.RELEASE/spring-boot-starter-actuator-2.1.5.RELEASE.jar:/home/harshita/Documents/apache-maven-3.6.1/repo/org/springframework/boot/spring-boot-actuator-autoconfigure/2.1.5.RELEASE/spring-boot-actuator-autoconfigure-2.1.5.RELEASE.jar:/home/harshita/Documents/apache-maven-3.6.1/repo/org/springframework/boot/spring-boot-actuator/2.1.5.RELEASE/spring-boot-actuator-2.1.5.RELEASE.jar:/home/harshita/Documents/apache-maven-3.6.1/repo/io/micrometer/micrometer-core/1.1.4/micrometer-core-1.1.4.jar:/home/harshita/Documents/apache-maven-3.6.1/repo/org/hdrhistogram/HdrHistogram/2.1.9/HdrHistogram-2.1.9.jar:/home/harshita/Documents/apache-maven-3.6.1/repo/org/latencyutils/LatencyUtils/2.0.3/LatencyUtils-2.0.3.jar:/home/harshita/Documents/apache-maven-3.6.1/repo/org/springframework/boot/spring-boot-starter-test/2.1.5.RELEASE/spring-boot-starter-test-2.1.5.RELEASE.jar:/home/harshita/Documents/apache-maven-3.6.1/repo/org/springframework/boot/spring-boot-test/2.1.5.RELEASE/spring-boot-test-2.1.5.RELEASE.jar:/home/harshita/Documents/apache-maven-3.6.1/repo/org/springframework/boot/spring-boot-test-autoconfigure/2.1.5.RELEASE/spring-boot-test-autoconfigure-2.1.5.RELEASE.jar:/home/harshita/Documents/apache-maven-3.6.1/repo/com/jayway/jsonpath/json-path/2.4.0/json-path-2.4.0.jar:/home/harshita/Documents/apache-maven-3.6.1/repo/net/minidev/json-smart/2.3/json-smart-2.3.jar:/home/harshita/Documents/apache-maven-3.6.1/repo/net/minidev/accessors-smart/1.2/accessors-smart-1.2.jar:/home/harshita/Documents/apache-maven-3.6.1/repo/org/ow2/asm/asm/5.0.4/asm-5.0.4.jar:/home/harshita/Documents/apache-maven-3.6.1/repo/junit/junit/4.12/junit-4.12.jar:/home/harshita/Documents/apache-maven-3.6.1/repo/org/assertj/assertj-core/3.11.1/assertj-core-3.11.1.jar:/home/harshita/Documents/apache-maven-3.6.1/repo/org/mockito/mockito-core/2.23.4/mockito-core-2.23.4.jar:/home/harshita/Documents/apache-maven-3.6.1/repo/net/bytebuddy/byte-buddy-agent/1.9.12/byte-buddy-agent-1.9.12.jar:/home/harshita/Documents/apache-maven-3.6.1/repo/org/objenesis/objenesis/2.6/objenesis-2.6.jar:/home/harshita/Documents/apache-maven-3.6.1/repo/org/hamcrest/hamcrest-core/1.3/hamcrest-core-1.3.jar:/home/harshita/Documents/apache-maven-3.6.1/repo/org/hamcrest/hamcrest-library/1.3/hamcrest-library-1.3.jar:/home/harshita/Documents/apache-maven-3.6.1/repo/org/skyscreamer/jsonassert/1.5.0/jsonassert-1.5.0.jar:/home/harshita/Documents/apache-maven-3.6.1/repo/com/vaadin/external/google/android-json/0.0.20131108.vaadin1/android-json-0.0.20131108.vaadin1.jar:/home/harshita/Documents/apache-maven-3.6.1/repo/org/springframework/spring-core/5.1.7.RELEASE/spring-core-5.1.7.RELEASE.jar:/home/harshita/Documents/apache-maven-3.6.1/repo/org/springframework/spring-jcl/5.1.7.RELEASE/spring-jcl-5.1.7.RELEASE.jar:/home/harshita/Documents/apache-maven-3.6.1/repo/org/springframework/spring-test/5.1.7.RELEASE/spring-test-5.1.7.RELEASE.jar:/home/harshita/Documents/apache-maven-3.6.1/repo/org/xmlunit/xmlunit-core/2.6.2/xmlunit-core-2.6.2.jar:/home/harshita/Documents/apache-maven-3.6.1/repo/org/springframework/boot/spring-boot-starter-amqp/2.1.5.RELEASE/spring-boot-starter-amqp-2.1.5.RELEASE.jar:/home/harshita/Documents/apache-maven-3.6.1/repo/org/springframework/spring-messaging/5.1.7.RELEASE/spring-messaging-5.1.7.RELEASE.jar:/home/harshita/Documents/apache-maven-3.6.1/repo/org/springframework/amqp/spring-rabbit/2.1.6.RELEASE/spring-rabbit-2.1.6.RELEASE.jar:/home/harshita/Documents/apache-maven-3.6.1/repo/org/springframework/amqp/spring-amqp/2.1.6.RELEASE/spring-amqp-2.1.6.RELEASE.jar:/home/harshita/Documents/apache-maven-3.6.1/repo/org/springframework/retry/spring-retry/1.2.4.RELEASE/spring-retry-1.2.4.RELEASE.jar:/home/harshita/Documents/apache-maven-3.6.1/repo/com/rabbitmq/amqp-client/5.4.3/amqp-client-5.4.3.jar:/home/harshita/Documents/apache-maven-3.6.1/repo/org/projectlombok/lombok/1.18.8/lombok-1.18.8.jar:"/>
    <property name="sun.cpu.endian" value="little"/>
    <property name="user.home" value="/home/harshita"/>
    <property name="user.language" value="en"/>
    <property name="java.specification.vendor" value="Oracle Corporation"/>
    <property name="java.version.date" value="2019-04-16"/>
    <property name="java.home" value="/usr/lib/jvm/java-12-oracle"/>
    <property name="file.separator" value="/"/>
    <property name="basedir" value="/home/harshita/IdeaProjects/ecom-springboot"/>
    <property name="java.vm.compressedOopsMode" value="32-bit"/>
    <property name="line.separator" value="&#10;"/>
    <property name="java.specification.name" value="Java Platform API Specification"/>
    <property name="java.vm.specification.vendor" value="Oracle Corporation"/>
    <property name="java.awt.graphicsenv" value="sun.awt.X11GraphicsEnvironment"/>
    <property name="surefire.real.class.path" value="/home/harshita/IdeaProjects/ecom-springboot/target/surefire/surefirebooter5667749407993384464.jar"/>
    <property name="sun.management.compiler" value="HotSpot 64-Bit Tiered Compilers"/>
    <property name="java.runtime.version" value="12.0.1+12"/>
    <property name="user.name" value="harshita"/>
    <property name="path.separator" value=":"/>
    <property name="os.version" value="4.18.0-25-generic"/>
    <property name="java.runtime.name" value="Java(TM) SE Runtime Environment"/>
    <property name="file.encoding" value="UTF-8"/>
    <property name="java.vm.name" value="Java HotSpot(TM) 64-Bit Server VM"/>
    <property name="localRepository" value="/home/harshita/Documents/apache-maven-3.6.1/repo"/>
    <property name="java.vendor.url.bug" value="https://bugreport.java.com/bugreport/"/>
    <property name="java.io.tmpdir" value="/tmp"/>
    <property name="java.version" value="12.0.1"/>
    <property name="user.dir" value="/home/harshita/IdeaProjects/ecom-springboot"/>
    <property name="os.arch" value="amd64"/>
    <property name="java.vm.specification.name" value="Java Virtual Machine Specification"/>
    <property name="java.library.path" value="/usr/java/packages/lib:/usr/lib64:/lib64:/lib:/usr/lib"/>
    <property name="java.vm.info" value="mixed mode, sharing"/>
    <property name="java.vendor" value="Oracle Corporation"/>
    <property name="java.vm.version" value="12.0.1+12"/>
    <property name="sun.io.unicode.encoding" value="UnicodeLittle"/>
    <property name="java.class.version" value="56.0"/>
  </properties>
  <testcase name="testApp" classname="com.harshita.ecom.AppTest" time="0.001"/>
</testsuite>